0 info it worked if it ends with ok
1 verbose cli [
1 verbose cli   'C:\\Program Files\\nodejs\\node.exe',
1 verbose cli   'C:\\Users\\astro\\Documents\\GitHub\\wabot\\node_modules\\npm\\bin\\npm-cli.js',
1 verbose cli   'stop',
1 verbose cli   '--if-present'
1 verbose cli ]
2 info using npm@2.15.12
3 info using node@v20.14.0
4 verbose stack Error: Invalid name: "gss botwa"
4 verbose stack     at ensureValidName (C:\Users\astro\Documents\GitHub\wabot\node_modules\npm\node_modules\normalize-package-data\lib\fixer.js:336:15)
4 verbose stack     at Object.fixNameField (C:\Users\astro\Documents\GitHub\wabot\node_modules\npm\node_modules\normalize-package-data\lib\fixer.js:215:5)
4 verbose stack     at C:\Users\astro\Documents\GitHub\wabot\node_modules\npm\node_modules\normalize-package-data\lib\normalize.js:32:38
4 verbose stack     at Array.forEach (<anonymous>)
4 verbose stack     at normalize (C:\Users\astro\Documents\GitHub\wabot\node_modules\npm\node_modules\normalize-package-data\lib\normalize.js:31:15)
4 verbose stack     at final (C:\Users\astro\Documents\GitHub\wabot\node_modules\npm\node_modules\read-package-json\read-json.js:349:5)
4 verbose stack     at then (C:\Users\astro\Documents\GitHub\wabot\node_modules\npm\node_modules\read-package-json\read-json.js:124:5)
4 verbose stack     at C:\Users\astro\Documents\GitHub\wabot\node_modules\npm\node_modules\read-package-json\read-json.js:311:12
4 verbose stack     at C:\Users\astro\Documents\GitHub\wabot\node_modules\npm\node_modules\graceful-fs\graceful-fs.js:78:16
4 verbose stack     at FSReqCallback.readFileAfterClose [as oncomplete] (node:internal/fs/read/context:68:3)
5 verbose cwd C:\Users\astro\Documents\GitHub\wabot
6 error Windows_NT 10.0.22631
7 error argv "C:\\Program Files\\nodejs\\node.exe" "C:\\Users\\astro\\Documents\\GitHub\\wabot\\node_modules\\npm\\bin\\npm-cli.js" "stop" "--if-present"
8 error node v20.14.0
9 error npm  v2.15.12
10 error Invalid name: "gss botwa"
11 error If you need help, you may report this error at:
11 error     <https://github.com/npm/npm/issues>
12 verbose exit [ 1, true ]
